<?xml version="1.0" encoding="UTF-8"?>
<!-- Generated by org.testng.reporters.JUnitReportReporter -->
<testsuite hostname="DESKTOP-31VBCBD" failures="0" tests="3" name="runner.CampaignRunner" time="0.175" errors="0" timestamp="2024-07-31T16:41:10 IST" skipped="0">
  <testcase classname="runner.CampaignRunner" name="runScenario" time="0.151"/>
  <system-out/>
  <testcase classname="runner.CampaignRunner" name="runScenario" time="0.013"/>
  <system-out/>
  <testcase classname="runner.CampaignRunner" name="runScenario" time="0.011"/>
  <system-out/>
</testsuite> <!-- runner.CampaignRunner -->
