<?xml version="1.0" encoding="UTF-8"?>
<!-- Generated by org.testng.reporters.JUnitReportReporter -->
<testsuite hostname="DESKTOP-31VBCBD" failures="0" tests="1" name="runner.LoginWithDataRunner" time="0.146" errors="0" timestamp="2024-07-26T21:28:54 IST" skipped="0">
  <testcase classname="runner.LoginWithDataRunner" name="runScenario" time="0.146"/>
  <system-out/>
</testsuite> <!-- runner.LoginWithDataRunner -->
