<?xml version="1.0" encoding="UTF-8"?>
<!-- Generated by org.testng.reporters.JUnitReportReporter -->
<testsuite hostname="DESKTOP-31VBCBD" failures="0" tests="1" name="uiappfeature.AmazonFailedScenarioRunner" time="8.239" errors="0" timestamp="2024-08-05T15:19:31 IST" skipped="0">
  <testcase classname="uiappfeature.AmazonFailedScenarioRunner" name="runScenario" time="8.239"/>
  <system-out/>
</testsuite> <!-- uiappfeature.AmazonFailedScenarioRunner -->
