<?xml version="1.0" encoding="UTF-8"?>
<!-- Generated by org.testng.reporters.JUnitReportReporter -->
<testsuite hostname="DESKTOP-31VBCBD" failures="0" tests="1" name="runner.RegistrationRunner" time="0.135" errors="0" timestamp="2024-08-01T22:34:32 IST" skipped="0">
  <testcase classname="runner.RegistrationRunner" name="runScenario" time="0.135"/>
  <system-out/>
</testsuite> <!-- runner.RegistrationRunner -->
