<?xml version="1.0" encoding="UTF-8"?>
<!-- Generated by org.testng.reporters.JUnitReportReporter -->
<testsuite hostname="DESKTOP-31VBCBD" failures="0" tests="3" name="runner.ProfileRunner" time="0.129" errors="0" timestamp="2024-07-26T20:51:50 IST" skipped="0">
  <testcase classname="runner.ProfileRunner" name="runScenario" time="0.115"/>
  <system-out/>
  <testcase classname="runner.ProfileRunner" name="runScenario" time="0.008"/>
  <system-out/>
  <testcase classname="runner.ProfileRunner" name="runScenario" time="0.006"/>
  <system-out/>
</testsuite> <!-- runner.ProfileRunner -->
