<?xml version="1.0" encoding="UTF-8"?>
<!-- Generated by org.testng.reporters.JUnitReportReporter -->
<testsuite hostname="DESKTOP-31VBCBD" failures="0" tests="2" name="runner.OrderConfirmationRunner" time="0.223" errors="0" timestamp="2024-08-01T13:55:21 IST" skipped="0">
  <testcase classname="runner.OrderConfirmationRunner" name="runScenario" time="0.206"/>
  <system-out/>
  <testcase classname="runner.OrderConfirmationRunner" name="runScenario" time="0.017"/>
  <system-out/>
</testsuite> <!-- runner.OrderConfirmationRunner -->
