<?xml version="1.0" encoding="UTF-8"?>
<!-- Generated by org.testng.reporters.JUnitReportReporter -->
<testsuite hostname="DESKTOP-31VBCBD" failures="0" tests="2" name="uiappfeature.AmazonTestRunner" time="43.666" errors="0" timestamp="2025-02-10T00:21:39 IST" skipped="0">
  <testcase classname="uiappfeature.AmazonTestRunner" name="runScenario" time="20.866"/>
  <system-out/>
  <testcase classname="uiappfeature.AmazonTestRunner" name="runScenario" time="22.800"/>
  <system-out/>
</testsuite> <!-- uiappfeature.AmazonTestRunner -->
