<?xml version="1.0" encoding="UTF-8"?>
<!-- Generated by org.testng.reporters.JUnitReportReporter -->
<testsuite hostname="DESKTOP-31VBCBD" failures="0" tests="1" name="uiappfeature.AmazonTestRunner" time="5.182" errors="0" timestamp="2025-01-16T17:06:14 IST" skipped="0">
  <testcase classname="uiappfeature.AmazonTestRunner" name="runScenario" time="5.182"/>
  <system-out/>
</testsuite> <!-- uiappfeature.AmazonTestRunner -->
